ts=2024-07-03T07:21:05.371Z caller=node_exporter.go:182 level=info msg="Starting node_exporter" version="(version=1.4.0, branch=HEAD, revision=7da1321761b3b8dfc9e496e1a60e6a476fec6018)"
ts=2024-07-03T07:21:05.371Z caller=node_exporter.go:183 level=info msg="Build context" build_context="(go=go1.19.1, user=root@83d90983e89c, date=20220926-12:32:56)"
ts=2024-07-03T07:21:05.372Z caller=diskstats_common.go:100 level=info collector=diskstats msg="Parsed flag --collector.diskstats.device-exclude" flag=^(ram|loop|fd|(h|s|v|xv)d[a-z]|nvme\d+n\d+p)\d+$
ts=2024-07-03T07:21:05.372Z caller=filesystem_common.go:111 level=info collector=filesystem msg="Parsed flag --collector.filesystem.mount-points-exclude" flag=^/(dev|proc|run/credentials/.+|sys|var/lib/docker/.+|var/lib/containers/storage/.+)($|/)
ts=2024-07-03T07:21:05.372Z caller=filesystem_common.go:113 level=info collector=filesystem msg="Parsed flag --collector.filesystem.fs-types-exclude" flag=^(autofs|binfmt_misc|bpf|cgroup2?|configfs|debugfs|devpts|devtmpfs|fusectl|hugetlbfs|iso9660|mqueue|nsfs|overlay|proc|procfs|pstore|rpc_pipefs|securityfs|selinuxfs|squashfs|sysfs|tracefs)$
ts=2024-07-03T07:21:05.373Z caller=node_exporter.go:108 level=info msg="Enabled collectors"
ts=2024-07-03T07:21:05.373Z caller=node_exporter.go:115 level=info collector=arp
ts=2024-07-03T07:21:05.373Z caller=node_exporter.go:115 level=info collector=bcache
ts=2024-07-03T07:21:05.373Z caller=node_exporter.go:115 level=info collector=bonding
ts=2024-07-03T07:21:05.373Z caller=node_exporter.go:115 level=info collector=btrfs
ts=2024-07-03T07:21:05.373Z caller=node_exporter.go:115 level=info collector=conntrack
ts=2024-07-03T07:21:05.373Z caller=node_exporter.go:115 level=info collector=cpu
ts=2024-07-03T07:21:05.373Z caller=node_exporter.go:115 level=info collector=cpufreq
ts=2024-07-03T07:21:05.373Z caller=node_exporter.go:115 level=info collector=diskstats
ts=2024-07-03T07:21:05.373Z caller=node_exporter.go:115 level=info collector=dmi
ts=2024-07-03T07:21:05.373Z caller=node_exporter.go:115 level=info collector=edac
ts=2024-07-03T07:21:05.373Z caller=node_exporter.go:115 level=info collector=entropy
ts=2024-07-03T07:21:05.373Z caller=node_exporter.go:115 level=info collector=fibrechannel
ts=2024-07-03T07:21:05.373Z caller=node_exporter.go:115 level=info collector=filefd
ts=2024-07-03T07:21:05.373Z caller=node_exporter.go:115 level=info collector=filesystem
ts=2024-07-03T07:21:05.373Z caller=node_exporter.go:115 level=info collector=hwmon
ts=2024-07-03T07:21:05.373Z caller=node_exporter.go:115 level=info collector=infiniband
ts=2024-07-03T07:21:05.373Z caller=node_exporter.go:115 level=info collector=ipvs
ts=2024-07-03T07:21:05.373Z caller=node_exporter.go:115 level=info collector=loadavg
ts=2024-07-03T07:21:05.373Z caller=node_exporter.go:115 level=info collector=mdadm
ts=2024-07-03T07:21:05.373Z caller=node_exporter.go:115 level=info collector=meminfo
ts=2024-07-03T07:21:05.373Z caller=node_exporter.go:115 level=info collector=netclass
ts=2024-07-03T07:21:05.373Z caller=node_exporter.go:115 level=info collector=netdev
ts=2024-07-03T07:21:05.373Z caller=node_exporter.go:115 level=info collector=netstat
ts=2024-07-03T07:21:05.373Z caller=node_exporter.go:115 level=info collector=nfs
ts=2024-07-03T07:21:05.373Z caller=node_exporter.go:115 level=info collector=nfsd
ts=2024-07-03T07:21:05.373Z caller=node_exporter.go:115 level=info collector=nvme
ts=2024-07-03T07:21:05.373Z caller=node_exporter.go:115 level=info collector=os
ts=2024-07-03T07:21:05.373Z caller=node_exporter.go:115 level=info collector=powersupplyclass
ts=2024-07-03T07:21:05.373Z caller=node_exporter.go:115 level=info collector=pressure
ts=2024-07-03T07:21:05.373Z caller=node_exporter.go:115 level=info collector=rapl
ts=2024-07-03T07:21:05.373Z caller=node_exporter.go:115 level=info collector=schedstat
ts=2024-07-03T07:21:05.373Z caller=node_exporter.go:115 level=info collector=selinux
ts=2024-07-03T07:21:05.373Z caller=node_exporter.go:115 level=info collector=sockstat
ts=2024-07-03T07:21:05.373Z caller=node_exporter.go:115 level=info collector=softnet
ts=2024-07-03T07:21:05.373Z caller=node_exporter.go:115 level=info collector=stat
ts=2024-07-03T07:21:05.373Z caller=node_exporter.go:115 level=info collector=tapestats
ts=2024-07-03T07:21:05.373Z caller=node_exporter.go:115 level=info collector=textfile
ts=2024-07-03T07:21:05.373Z caller=node_exporter.go:115 level=info collector=thermal_zone
ts=2024-07-03T07:21:05.373Z caller=node_exporter.go:115 level=info collector=time
ts=2024-07-03T07:21:05.373Z caller=node_exporter.go:115 level=info collector=timex
ts=2024-07-03T07:21:05.373Z caller=node_exporter.go:115 level=info collector=udp_queues
ts=2024-07-03T07:21:05.373Z caller=node_exporter.go:115 level=info collector=uname
ts=2024-07-03T07:21:05.373Z caller=node_exporter.go:115 level=info collector=vmstat
ts=2024-07-03T07:21:05.373Z caller=node_exporter.go:115 level=info collector=xfs
ts=2024-07-03T07:21:05.373Z caller=node_exporter.go:115 level=info collector=zfs
ts=2024-07-03T07:21:05.374Z caller=node_exporter.go:199 level=info msg="Listening on" address=:9100
ts=2024-07-03T07:21:05.374Z caller=tls_config.go:195 level=info msg="TLS is disabled." http2=false
